<?xml version="1.0" encoding="UTF-8"?>
<!-- Generated by org.testng.reporters.JUnitXMLReporter -->
<testsuite hostname="Lenovo-PC" ignored="0" name="Default test" tests="7" failures="0" timestamp="11 Aug 2018 16:58:05 GMT" time="53.112" errors="0">
  <testcase name="testGoogleLink" time="1.624" classname="testScript.Test1"/>
  <testcase name="insta" time="2.724" classname="pack1.Test2"/>
  <testcase name="testTwitterLink" time="1.688" classname="testScript.Test3"/>
  <testcase name="testFacebookLink" time="4.733" classname="testScript.Test2"/>
  <testcase name="testInstaLink" time="2.19" classname="testScript.Test4"/>
  <testcase name="google" time="1.378" classname="pack1.Test2"/>
  <testcase name="facebook" time="2.45" classname="pack1.Test2"/>
</testsuite> <!-- Default test -->
